<?xml version="1.0" encoding="UTF-8"?>
<!-- Generated by org.testng.reporters.JUnitReportReporter -->
<testsuite hostname="Syamantak-PC" name="Xen.E2E.LoginTest" tests="2" failures="0" timestamp="20 Jun 2020 15:19:00 GMT" time="86.352" errors="0">
  <testcase name="landingPage" time="44.396" classname="Xen.E2E.LoginTest"/>
  <testcase name="landingPage" time="41.956" classname="Xen.E2E.LoginTest"/>
</testsuite> <!-- Xen.E2E.LoginTest -->
